<?xml version="1.0" encoding="UTF-8"?>
<!-- Generated by org.testng.reporters.JUnitXMLReporter -->
<testsuite hostname="DESKTOP-IFNGNHD" ignored="0" name="Test" tests="3" failures="0" timestamp="03 Dec 2018 09:53:52 GMT" time="133.621" errors="0">
  <testcase name="testValidLoginLogout" time="35.317" classname="com.actime.tests.ValidLoginLogOutTest"/>
  <testcase name="testVerifyversion" time="0.938" classname="com.actime.tests.VerifyVersionTest"/>
  <testcase name="TestBuildNo" time="14.883" classname="com.actime.tests.VerifyBuildNoTest"/>
</testsuite> <!-- Test -->
