<?xml version="1.0" encoding="UTF-8"?>
<testng-results skipped="0" failed="0" ignored="0" total="3" passed="3">
  <reporter-output>
    <line>
      <![CDATA[Title is matching...]]>
    </line>
    <line>
      <![CDATA[Title is matching...]]>
    </line>
    <line>
      <![CDATA[Title is matching...]]>
    </line>
    <line>
      <![CDATA[Title is matching...]]>
    </line>
    <line>
      <![CDATA[Element is present...]]>
    </line>
    <line>
      <![CDATA[Title is matching...]]>
    </line>
    <line>
      <![CDATA[Title is matching...]]>
    </line>
    <line>
      <![CDATA[(build 40469)]]>
    </line>
    <line>
      <![CDATA[number is same..]]>
    </line>
  </reporter-output>
  <suite name="Suite" duration-ms="133621" started-at="2018-12-03T09:51:38Z" finished-at="2018-12-03T09:53:51Z">
    <groups>
    </groups>
    <test name="Test" duration-ms="133621" started-at="2018-12-03T09:51:38Z" finished-at="2018-12-03T09:53:51Z">
      <class name="com.actime.tests.ValidLoginLogOutTest">
        <test-method status="PASS" signature="preConditions()[pri:0, instance:com.actime.tests.ValidLoginLogOutTest@29774679]" name="preConditions" is-config="true" duration-ms="37998" started-at="2018-12-03T09:51:38Z" finished-at="2018-12-03T09:52:16Z">
          <reporter-output>
          </reporter-output>
        </test-method> <!-- preConditions -->
        <test-method status="PASS" signature="testValidLoginLogout()[pri:0, instance:com.actime.tests.ValidLoginLogOutTest@29774679]" name="testValidLoginLogout" duration-ms="35317" started-at="2018-12-03T09:52:16Z" finished-at="2018-12-03T09:52:51Z">
          <reporter-output>
            <line>
              <![CDATA[Title is matching...]]>
            </line>
            <line>
              <![CDATA[Title is matching...]]>
            </line>
            <line>
              <![CDATA[Title is matching...]]>
            </line>
          </reporter-output>
        </test-method> <!-- testValidLoginLogout -->
        <test-method status="PASS" signature="postCondition()[pri:0, instance:com.actime.tests.ValidLoginLogOutTest@29774679]" name="postCondition" is-config="true" duration-ms="1536" started-at="2018-12-03T09:52:51Z" finished-at="2018-12-03T09:52:53Z">
          <reporter-output>
          </reporter-output>
        </test-method> <!-- postCondition -->
      </class> <!-- com.actime.tests.ValidLoginLogOutTest -->
      <class name="com.actime.tests.VerifyBuildNoTest">
        <test-method status="PASS" signature="preConditions()[pri:0, instance:com.actime.tests.VerifyBuildNoTest@3ffc5af1]" name="preConditions" is-config="true" duration-ms="14742" started-at="2018-12-03T09:53:22Z" finished-at="2018-12-03T09:53:36Z">
          <reporter-output>
          </reporter-output>
        </test-method> <!-- preConditions -->
        <test-method status="PASS" signature="TestBuildNo()[pri:1, instance:com.actime.tests.VerifyBuildNoTest@3ffc5af1]" name="TestBuildNo" duration-ms="14883" started-at="2018-12-03T09:53:36Z" finished-at="2018-12-03T09:53:51Z">
          <reporter-output>
            <line>
              <![CDATA[Title is matching...]]>
            </line>
            <line>
              <![CDATA[Title is matching...]]>
            </line>
            <line>
              <![CDATA[(build 40469)]]>
            </line>
            <line>
              <![CDATA[number is same..]]>
            </line>
          </reporter-output>
        </test-method> <!-- TestBuildNo -->
        <test-method status="PASS" signature="postCondition()[pri:0, instance:com.actime.tests.VerifyBuildNoTest@3ffc5af1]" name="postCondition" is-config="true" duration-ms="63" started-at="2018-12-03T09:53:51Z" finished-at="2018-12-03T09:53:51Z">
          <reporter-output>
          </reporter-output>
        </test-method> <!-- postCondition -->
      </class> <!-- com.actime.tests.VerifyBuildNoTest -->
      <class name="com.actime.tests.VerifyVersionTest">
        <test-method status="PASS" signature="preConditions()[pri:0, instance:com.actime.tests.VerifyVersionTest@5e5792a0]" name="preConditions" is-config="true" duration-ms="28042" started-at="2018-12-03T09:52:53Z" finished-at="2018-12-03T09:53:21Z">
          <reporter-output>
          </reporter-output>
        </test-method> <!-- preConditions -->
        <test-method status="PASS" signature="testVerifyversion()[pri:0, instance:com.actime.tests.VerifyVersionTest@5e5792a0]" name="testVerifyversion" duration-ms="938" started-at="2018-12-03T09:53:21Z" finished-at="2018-12-03T09:53:22Z">
          <reporter-output>
            <line>
              <![CDATA[Title is matching...]]>
            </line>
            <line>
              <![CDATA[Element is present...]]>
            </line>
          </reporter-output>
        </test-method> <!-- testVerifyversion -->
        <test-method status="PASS" signature="postCondition()[pri:0, instance:com.actime.tests.VerifyVersionTest@5e5792a0]" name="postCondition" is-config="true" duration-ms="62" started-at="2018-12-03T09:53:22Z" finished-at="2018-12-03T09:53:22Z">
          <reporter-output>
          </reporter-output>
        </test-method> <!-- postCondition -->
      </class> <!-- com.actime.tests.VerifyVersionTest -->
    </test> <!-- Test -->
  </suite> <!-- Suite -->
</testng-results>
